<?xml version="1.0" encoding="UTF-8"?>
<!-- Generated by org.testng.reporters.JUnitReportReporter -->
<testsuite hostname="DESKTOP-A9G6G2M" failures="0" tests="1" name="sel_3_4_TestNG.Emailable" time="0.016" errors="0" timestamp="2022-08-18T14:04:20 IST" skipped="0">
  <testcase classname="sel_3_4_TestNG.Emailable" name="TC" time="0.016"/>
  <system-out>
    <![CDATA[Hii]]>
  </system-out>
</testsuite> <!-- sel_3_4_TestNG.Emailable -->
