<?xml version="1.0" encoding="UTF-8"?>
<!-- Generated by org.testng.reporters.JUnitReportReporter -->
<testsuite hostname="DESKTOP-A9G6G2M" failures="0" tests="2" name="sel_3_4_TestNG.Sample2" time="0.002" errors="0" timestamp="2022-08-18T23:07:36 IST" skipped="0">
  <testcase classname="sel_3_4_TestNG.Sample2" name="TC4" time="0.001"/>
  <system-out>
    <![CDATA[TC4 Run]]>
  </system-out>
  <testcase classname="sel_3_4_TestNG.Sample2" name="TC3" time="0.001"/>
  <system-out>
    <![CDATA[TC3 Run]]>
  </system-out>
</testsuite> <!-- sel_3_4_TestNG.Sample2 -->
