<?xml version="1.0" encoding="UTF-8"?>
<!-- Generated by org.testng.reporters.JUnitReportReporter -->
<testsuite hostname="DESKTOP-A9G6G2M" failures="0" tests="2" name="sel_3_4_1_TestNG_Advantages.Flags_enabled_4_3" time="0.016" errors="0" timestamp="2022-08-20T15:56:47 IST" skipped="1">
  <testcase classname="sel_3_4_1_TestNG_Advantages.Flags_enabled_4_3" name="TC1" time="0.016"/>
  <system-out>
    <![CDATA[TC1 Run]]>
  </system-out>
  <testcase classname="sel_3_4_1_TestNG_Advantages.Flags_enabled_4_3" name="TC3">
    <skipped/>
  </testcase> <!-- TC3 -->
  <system-out/>
</testsuite> <!-- sel_3_4_1_TestNG_Advantages.Flags_enabled_4_3 -->
