<?xml version="1.0" encoding="UTF-8"?>
<!-- Generated by org.testng.reporters.JUnitReportReporter -->
<testsuite hostname="DESKTOP-A9G6G2M" failures="0" tests="1" name="sel_3_4_3_pom_kite_withDDF_TestNG.Kite_Login_TestT" time="1.804" errors="0" timestamp="2022-08-26T01:39:13 IST" skipped="0">
  <testcase classname="sel_3_4_3_pom_kite_withDDF_TestNG.Kite_Login_TestT" name="verifyuserID" time="1.804"/>
  <system-out>
    <![CDATA[running verify user id]]>
  </system-out>
</testsuite> <!-- sel_3_4_3_pom_kite_withDDF_TestNG.Kite_Login_TestT -->
