<?xml version="1.0" encoding="UTF-8"?>
<!-- Generated by org.testng.reporters.JUnitReportReporter -->
<testsuite hostname="DESKTOP-A9G6G2M" failures="0" tests="1" name="sel_3_4_2_TestNG.Assert_False" time="0.015" errors="0" timestamp="2022-08-22T20:11:56 IST" skipped="0">
  <testcase classname="sel_3_4_2_TestNG.Assert_False" name="TC4" time="0.015"/>
  <system-out>
    <![CDATA[Running TC4]]>
  </system-out>
</testsuite> <!-- sel_3_4_2_TestNG.Assert_False -->
