<?xml version="1.0" encoding="UTF-8"?>
<!-- Generated by org.testng.reporters.JUnitReportReporter -->
<testsuite hostname="DESKTOP-A9G6G2M" failures="0" tests="1" name="sel_3_4_2_TestNG.B" time="25.746" errors="0" timestamp="2022-08-20T13:11:26 IST" skipped="0">
  <testcase classname="sel_3_4_2_TestNG.B" name="TC2" time="25.746"/>
  <system-out/>
</testsuite> <!-- sel_3_4_2_TestNG.B -->
