<?xml version="1.0" encoding="UTF-8"?>
<!-- Generated by org.testng.reporters.JUnitReportReporter -->
<testsuite hostname="DESKTOP-A9G6G2M" failures="0" tests="2" name="sel_3_4_TestNG.Sample3" time="0.013" errors="0" timestamp="2022-08-18T23:07:36 IST" skipped="0">
  <testcase classname="sel_3_4_TestNG.Sample3" name="TC5" time="0.011"/>
  <system-out>
    <![CDATA[TC5 Run]]>
  </system-out>
  <testcase classname="sel_3_4_TestNG.Sample3" name="TC6" time="0.002"/>
  <system-out>
    <![CDATA[TC6 Run]]>
  </system-out>
</testsuite> <!-- sel_3_4_TestNG.Sample3 -->
