<?xml version="1.0" encoding="UTF-8"?>
<!-- Generated by org.testng.reporters.JUnitReportReporter -->
<testsuite hostname="DESKTOP-A9G6G2M" failures="0" tests="3" name="sel_3_4_1_TestNG.Flags_timeout_4_4" time="0.036" errors="0" timestamp="2022-08-20T14:27:49 IST" skipped="0">
  <testcase classname="sel_3_4_1_TestNG.Flags_timeout_4_4" name="TC1" time="0.023"/>
  <system-out>
    <![CDATA[TC1 Run]]>
  </system-out>
  <testcase classname="sel_3_4_1_TestNG.Flags_timeout_4_4" name="TC3" time="0.012"/>
  <system-out>
    <![CDATA[TC2 Run]]>
  </system-out>
  <testcase classname="sel_3_4_1_TestNG.Flags_timeout_4_4" name="TC2" time="0.001"/>
  <system-out>
    <![CDATA[TC2 Run]]>
  </system-out>
</testsuite> <!-- sel_3_4_1_TestNG.Flags_timeout_4_4 -->
