<?xml version="1.0" encoding="UTF-8"?>
<!-- Generated by org.testng.reporters.JUnitReportReporter -->
<testsuite hostname="DESKTOP-A9G6G2M" failures="0" tests="1" name="sel_3_4_2_TestNG.Assert_equals" time="0.019" errors="0" timestamp="2022-08-22T20:05:32 IST" skipped="0">
  <testcase classname="sel_3_4_2_TestNG.Assert_equals" name="TC1" time="0.019"/>
  <system-out>
    <![CDATA[TC1 Is Running]]>
  </system-out>
</testsuite> <!-- sel_3_4_2_TestNG.Assert_equals -->
