<?xml version="1.0" encoding="UTF-8"?>
<!-- Generated by org.testng.reporters.JUnitReportReporter -->
<testsuite hostname="DESKTOP-A9G6G2M" failures="0" tests="4" name="sel_3_4_2_TestNG.MultBrowser" time="128.675" errors="0" timestamp="2022-08-22T00:43:23 IST" skipped="0">
  <testcase classname="sel_3_4_2_TestNG.MultBrowser" name="TC" time="27.263"/>
  <system-out/>
  <testcase classname="sel_3_4_2_TestNG.MultBrowser" name="TC" time="37.166"/>
  <system-out/>
  <testcase classname="sel_3_4_2_TestNG.MultBrowser" name="TC" time="33.791"/>
  <system-out/>
  <testcase classname="sel_3_4_2_TestNG.MultBrowser" name="TC" time="30.455"/>
  <system-out/>
</testsuite> <!-- sel_3_4_2_TestNG.MultBrowser -->
