<?xml version="1.0" encoding="UTF-8"?>
<!-- Generated by org.testng.reporters.JUnitReportReporter -->
<testsuite hostname="DESKTOP-A9G6G2M" failures="0" tests="5" name="sel_3_4_TestNG.Priority" time="0.010" errors="0" timestamp="2022-08-18T00:30:23 IST" skipped="1">
  <testcase classname="sel_3_4_TestNG.Priority" name="TC2" time="0.007"/>
  <system-out>
    <![CDATA[Hii]]>
  </system-out>
  <testcase classname="sel_3_4_TestNG.Priority" name="TC3" time="0.001"/>
  <system-out>
    <![CDATA[Hello,I'm AkshayKumar]]>
  </system-out>
  <testcase classname="sel_3_4_TestNG.Priority" name="TC4" time="0.001"/>
  <system-out>
    <![CDATA[What's ur name]]>
  </system-out>
  <testcase classname="sel_3_4_TestNG.Priority" name="TC1" time="0.001"/>
  <system-out>
    <![CDATA[I'm Nilesh Patil]]>
  </system-out>
  <testcase classname="sel_3_4_TestNG.Priority" name="TC5">
    <skipped/>
  </testcase> <!-- TC5 -->
  <system-out/>
</testsuite> <!-- sel_3_4_TestNG.Priority -->
