<?xml version="1.0" encoding="UTF-8"?>
<!-- Generated by org.testng.reporters.JUnitReportReporter -->
<testsuite hostname="DESKTOP-A9G6G2M" failures="0" tests="2" name="sel_3_4_1_TestNG.Flags_dependsonmethods_4_5" time="0.014" errors="0" timestamp="2022-08-20T15:22:49 IST" skipped="0">
  <testcase classname="sel_3_4_1_TestNG.Flags_dependsonmethods_4_5" name="login" time="0.013"/>
  <system-out>
    <![CDATA[login]]>
  </system-out>
  <testcase classname="sel_3_4_1_TestNG.Flags_dependsonmethods_4_5" name="logout" time="0.001"/>
  <system-out>
    <![CDATA[logout]]>
  </system-out>
</testsuite> <!-- sel_3_4_1_TestNG.Flags_dependsonmethods_4_5 -->
