<?xml version="1.0" encoding="UTF-8"?>
<!-- Generated by org.testng.reporters.JUnitReportReporter -->
<testsuite hostname="DESKTOP-A9G6G2M" failures="0" tests="1" name="sel_3_4_TestNG.Annotation" time="0.003" errors="0" timestamp="2022-08-18T00:15:10 IST" skipped="0">
  <testcase classname="sel_3_4_TestNG.Annotation" name="verifyID" time="0.003"/>
  <system-out>
    <![CDATA[verify user id]]>
  </system-out>
</testsuite> <!-- sel_3_4_TestNG.Annotation -->
