<?xml version="1.0" encoding="UTF-8"?>
<!-- Generated by org.testng.reporters.JUnitReportReporter -->
<testsuite hostname="DESKTOP-A9G6G2M" failures="0" tests="2" name="sel_3_4_TestNG.Sample1" time="0.002" errors="0" timestamp="2022-08-18T23:07:36 IST" skipped="0">
  <testcase classname="sel_3_4_TestNG.Sample1" name="TC1" time="0.001"/>
  <system-out>
    <![CDATA[TC1 Run]]>
  </system-out>
  <testcase classname="sel_3_4_TestNG.Sample1" name="TC2" time="0.001"/>
  <system-out>
    <![CDATA[TC2 Run]]>
  </system-out>
</testsuite> <!-- sel_3_4_TestNG.Sample1 -->
