<?xml version="1.0" encoding="UTF-8"?>
<!-- Generated by org.testng.reporters.JUnitReportReporter -->
<testsuite hostname="DESKTOP-A9G6G2M" failures="0" tests="1" name="sel_3_4_2_TestNG.Assert_True" time="0.017" errors="0" timestamp="2022-08-22T20:08:47 IST" skipped="0">
  <testcase classname="sel_3_4_2_TestNG.Assert_True" name="TC3" time="0.017"/>
  <system-out>
    <![CDATA[Running TC3]]>
  </system-out>
</testsuite> <!-- sel_3_4_2_TestNG.Assert_True -->
