<?xml version="1.0" encoding="UTF-8"?>
<!-- Generated by org.testng.reporters.JUnitReportReporter -->
<testsuite hostname="DESKTOP-A9G6G2M" failures="0" tests="5" name="sel_3_4_TestNG.Flags" time="0.009" errors="0" timestamp="2022-08-18T00:20:18 IST" skipped="0">
  <testcase classname="sel_3_4_TestNG.Flags" name="TC" time="0.001"/>
  <system-out>
    <![CDATA[Running TC]]>
  </system-out>
  <testcase classname="sel_3_4_TestNG.Flags" name="TC" time="0.001"/>
  <system-out>
    <![CDATA[Running TC]]>
  </system-out>
  <testcase classname="sel_3_4_TestNG.Flags" name="TC" time="0.001"/>
  <system-out>
    <![CDATA[Running TC]]>
  </system-out>
  <testcase classname="sel_3_4_TestNG.Flags" name="TC" time="0.000"/>
  <system-out>
    <![CDATA[Running TC]]>
  </system-out>
  <testcase classname="sel_3_4_TestNG.Flags" name="TC" time="0.006"/>
  <system-out>
    <![CDATA[Running TC]]>
  </system-out>
</testsuite> <!-- sel_3_4_TestNG.Flags -->
