<?xml version="1.0" encoding="UTF-8"?>
<!-- Generated by org.testng.reporters.JUnitReportReporter -->
<testsuite hostname="DESKTOP-A9G6G2M" failures="0" tests="3" name="sel_3_4_1_TestNG_Advantages.Disable_TC_7_Class_Suite" time="0.017" errors="0" timestamp="2022-08-20T16:11:16 IST" skipped="1">
  <testcase classname="sel_3_4_1_TestNG_Advantages.Disable_TC_7_Class_Suite" name="TC2" time="0.002"/>
  <system-out>
    <![CDATA[TC2 Run]]>
  </system-out>
  <testcase classname="sel_3_4_1_TestNG_Advantages.Disable_TC_7_Class_Suite" name="TC1" time="0.015"/>
  <system-out>
    <![CDATA[TC1 Run]]>
  </system-out>
  <testcase classname="sel_3_4_1_TestNG_Advantages.Disable_TC_7_Class_Suite" name="TC3">
    <skipped/>
  </testcase> <!-- TC3 -->
  <system-out/>
</testsuite> <!-- sel_3_4_1_TestNG_Advantages.Disable_TC_7_Class_Suite -->
