<?xml version="1.0" encoding="UTF-8"?>
<!-- Generated by org.testng.reporters.JUnitReportReporter -->
<testsuite hostname="DESKTOP-A9G6G2M" failures="0" tests="5" name="sel_3_4_1_TestNG.Flags" time="0.021" errors="0" timestamp="2022-08-20T14:18:10 IST" skipped="0">
  <testcase classname="sel_3_4_1_TestNG.Flags" name="TC" time="0.002"/>
  <system-out>
    <![CDATA[Running TC]]>
  </system-out>
  <testcase classname="sel_3_4_1_TestNG.Flags" name="TC" time="0.001"/>
  <system-out>
    <![CDATA[Running TC]]>
  </system-out>
  <testcase classname="sel_3_4_1_TestNG.Flags" name="TC" time="0.001"/>
  <system-out>
    <![CDATA[Running TC]]>
  </system-out>
  <testcase classname="sel_3_4_1_TestNG.Flags" name="TC" time="0.003"/>
  <system-out>
    <![CDATA[Running TC]]>
  </system-out>
  <testcase classname="sel_3_4_1_TestNG.Flags" name="TC" time="0.014"/>
  <system-out>
    <![CDATA[Running TC]]>
  </system-out>
</testsuite> <!-- sel_3_4_1_TestNG.Flags -->
