<?xml version="1.0" encoding="UTF-8"?>
<!-- Generated by org.testng.reporters.JUnitReportReporter -->
<testsuite hostname="DESKTOP-A9G6G2M" failures="0" tests="2" name="sel_3_4_1_TestNG.Flags_groups_4_6" time="0.020" errors="0" timestamp="2022-08-20T15:38:48 IST" skipped="0">
  <testcase classname="sel_3_4_1_TestNG.Flags_groups_4_6" name="logout" time="0.002"/>
  <system-out>
    <![CDATA[logout]]>
  </system-out>
  <testcase classname="sel_3_4_1_TestNG.Flags_groups_4_6" name="login" time="0.018"/>
  <system-out>
    <![CDATA[login]]>
  </system-out>
</testsuite> <!-- sel_3_4_1_TestNG.Flags_groups_4_6 -->
